# Logfile created on 2018-03-31 14:59:38 +0200 by logger.rb/v1.2.7
I, [2018-03-31T14:59:38.478943 #27863]  INFO -- : Welcome, smca.

I, [2018-03-31T14:59:39.504975 #27863]  INFO -- : NW Room
Exits: east (closed door), south (open gate), up, down (closed grate)

This is the northwestern room.
A mahogany table with a set of chairs is here.
A dark metallic cupboard is attached to the wall.
It's hard to spot a tiny, skull-shaped key on the ground.
A small wooden chest has been left here.
A dirt-encrusted key rusts here.
A leather wrist sheath has been discarded here.
A wooden flute lies discarded on the ground.
There is a rough cloth sack here
There is wooden crate here.
A hitherto delicious ham sandwich gathers dust on the ground. (mostly eaten) (x7)
A leather waterskin lies on the ground. (mostly full of water)
A leather harness lies in a heap here.
A longsword covered in rust lies on the ground.
A steel greatsword has been left here.
A dagger with a serrated edge has been discarded here.
A dagger with a serrated edge has been discarded here.
A shoddy wooden shield is here, forgotten by all.
A polished iron shield rests here.
A leather quiver is here.
An iron-tipped arrow is on the ground. (x17)
An iron bolt is on the ground (x13)
A yew shortbow is here.
A straw-haired, wavy-haired young man is here.
I, [2018-03-31T14:59:40.603962 #27863]  INFO -- : jdsfijsidf
I, [2018-03-31T14:59:40.617890 #27863]  INFO -- : Huh?
I, [2018-03-31T14:59:44.036867 #27863]  INFO -- : say hi!
I, [2018-03-31T14:59:44.040364 #27863]  INFO -- : You say:
  "hi!"
I, [2018-03-31T14:59:46.352017 #27863]  INFO -- : , kills Vrin
I, [2018-03-31T14:59:46.355706 #27863]  INFO -- : an able-boded woman with knife-cropped hair kills Vrin
I, [2018-03-31T14:59:52.364283 #27863]  INFO -- : quit
I, [2018-03-31T14:59:52.373574 #27863]  INFO -- : You leave the area ...

